This is pdfTeX, Version 3.14159265-2.6-1.40.17 (TeX Live 2016) (preloaded format=pdflatex 2017.1.8)  1 NOV 2019 16:30
entering extended mode
 restricted \write18 enabled.
 %&-line parsing enabled.
**BBN_DM.tex
(./BBN_DM.tex
LaTeX2e <2016/03/31>
Babel <3.9r> and hyphenation patterns for 83 language(s) loaded.
(/usr/local/texlive/2016/texmf-dist/tex/latex/revtex/revtex4-1.cls
Document Class: revtex4-1 2010/07/25/20:33:00 4.1r (http://publish.aps.org/revt
ex4/ for documentation)
 Copyright (c) 2009 The American Physical Society.
 mailto:revtex@aps.org
 Licensed under the LPPL:
http://www.ctan.org/tex-archive/macros/latex/base/lppl.txt
 Arthur Ogawa <arthur_ogawa at sbcglobal dot net>
 Based on work by David Carlisle <david at dcarlisle.demon.co.uk>.
ltxutil[2010/07/25/20:33:00 4.1r utilities package (portions licensed from W. E
. Baxter web at superscript.com)]
LaTeX Info: Redefining \@centercr on input line 308.
Class revtex4-1 Info: Repairing broken LaTeX eqnarray on input line 358.
\eqncolsep=\skip41
Class revtex4-1 Info: Repairing hyperref-unfriendly LaTeX definition of \mpfoot
note on input line 433.
Class revtex4-1 Info: Repairing broken LateX \@sect on input line 755.
\intertabularlinepenalty=\count79
\@tbpen=\count80
\@arstrutbox@hline=\box26
Class revtex4-1 Info: Repairing broken LaTeX \@xbitor on input line 1786.
Class revtex4-1 Info: Making \typeout \long on input line 2046.
ltxfront[2010/07/25/20:33:00 4.1r frontmatter package (AO,DPC)]
\c@affil=\count81
\c@collab=\count82
\absbox=\box27
ltxgrid[2010/07/25/20:33:00 4.1r page grid package (portions licensed from W. E
. Baxter web at superscript.com)]
\c@linecount=\count83
\output@latex=\toks14
\box@size@1=\box28
\box@size@2=\box29
\@protection@box=\box30
\@topmark@saved=\toks15
\footins@saved=\box31
\footins@recovered=\box32
\column@recovered=\box33
\pagesofar=\box34
\footsofar=\box35
\pagegrid@col=\count84
Class revtex4-1 Info: Overriding \@vspace, \@vspacer, \@no@pgbk, \@newline, and
 \\  on input line 5578.
\c@part=\count85
\c@section=\count86
\c@subsection=\count87
\c@subsubsection=\count88
\c@paragraph=\count89
\c@subparagraph=\count90
\abovecaptionskip=\skip42
\belowcaptionskip=\skip43
\c@figure=\count91
\fbox@1=\box36
\c@table=\count92
\fbox@2=\box37
\c@video=\count93
\fbox@4=\box38
\@bibdataout=\write3
\widetext@top=\box39
\widetext@bot=\box40
Class revtex4-1 Info: Selecting society aps on input line 7542.
(/usr/local/texlive/2016/texmf-dist/tex/latex/revtex/aps4-1.rtx
File: aps4-1 2010/07/25/20:33:00 4.1r (http://publish.aps.org/revtex4/ for docu
mentation)
Class revtex4-1 Info: RevTeX society APS selected on input line 31.
)
Class revtex4-1 Info: Selecting journal prd on input line 7544.
Class revtex4-1 Info: APS journal PRD selected on input line 7545.


Class revtex4-1 Warning: No type size specified, using default 10.

(/usr/local/texlive/2016/texmf-dist/tex/latex/revtex/aps10pt4-1.rtx
File: aps10pt4-1 2010/07/25/20:33:00 4.1r (http://publish.aps.org/revtex4/ for 
documentation)
Class revtex4-1 Info: RevTeX pointsize 10pt selected on input line 30.
)
(/usr/local/texlive/2016/texmf-dist/tex/latex/textcase/textcase.sty
Package: textcase 2004/10/07 v0.07 Text only upper/lower case changing (DPC)
)
(/usr/local/texlive/2016/texmf-dist/tex/latex/amsfonts/amsfonts.sty
Package: amsfonts 2013/01/14 v3.01 Basic AMSFonts support
\@emptytoks=\toks16
\symAMSa=\mathgroup4
\symAMSb=\mathgroup5
LaTeX Font Info:    Overwriting math alphabet `\mathfrak' in version `bold'
(Font)                  U/euf/m/n --> U/euf/b/n on input line 106.
)
(/usr/local/texlive/2016/texmf-dist/tex/latex/amsmath/amsmath.sty
Package: amsmath 2016/03/10 v2.15b AMS math features
\@mathmargin=\skip44

For additional information on amsmath, use the `?' option.
(/usr/local/texlive/2016/texmf-dist/tex/latex/amsmath/amstext.sty
Package: amstext 2000/06/29 v2.01 AMS text

(/usr/local/texlive/2016/texmf-dist/tex/latex/amsmath/amsgen.sty
File: amsgen.sty 1999/11/30 v2.0 generic functions
\@emptytoks=\toks17
\ex@=\dimen102
)
LaTeX Info: Redefining \text on input line 28.
)
(/usr/local/texlive/2016/texmf-dist/tex/latex/amsmath/amsbsy.sty
Package: amsbsy 1999/11/29 v1.2d Bold Symbols
\pmbraise@=\dimen103
)
(/usr/local/texlive/2016/texmf-dist/tex/latex/amsmath/amsopn.sty
Package: amsopn 2016/03/08 v2.02 operator names
)
\inf@bad=\count94
LaTeX Info: Redefining \frac on input line 199.
\uproot@=\count95
\leftroot@=\count96
LaTeX Info: Redefining \overline on input line 297.
\classnum@=\count97
\DOTSCASE@=\count98
LaTeX Info: Redefining \ldots on input line 394.
LaTeX Info: Redefining \dots on input line 397.
LaTeX Info: Redefining \cdots on input line 518.
\Mathstrutbox@=\box41
\strutbox@=\box42
\big@size=\dimen104
LaTeX Font Info:    Redeclaring font encoding OML on input line 634.
LaTeX Font Info:    Redeclaring font encoding OMS on input line 635.
\macc@depth=\count99
\c@MaxMatrixCols=\count100
\dotsspace@=\muskip10
\c@parentequation=\count101
\dspbrk@lvl=\count102
\tag@help=\toks18
\row@=\count103
\column@=\count104
\maxfields@=\count105
\andhelp@=\toks19
\eqnshift@=\dimen105
\alignsep@=\dimen106
\tagshift@=\dimen107
\tagwidth@=\dimen108
\totwidth@=\dimen109
\lineht@=\dimen110
\@envbody=\toks20
\multlinegap=\skip45
\multlinetaggap=\skip46
\mathdisplay@stack=\toks21
LaTeX Info: Redefining \[ on input line 2739.
LaTeX Info: Redefining \] on input line 2740.
)
(/usr/local/texlive/2016/texmf-dist/tex/latex/url/url.sty
\Urlmuskip=\muskip11
Package: url 2013/09/16  ver 3.4  Verb mode for urls, etc.
)
(/usr/local/texlive/2016/texmf-dist/tex/latex/natbib/natbib.sty
Package: natbib 2010/09/13 8.31b (PWD, AO)
\bibhang=\skip47
\bibsep=\skip48
LaTeX Info: Redefining \cite on input line 694.
\c@NAT@ctr=\count106
)
Class revtex4-1 Info: Repairing natbib's \BibitemShut on input line 7549.

(/usr/local/texlive/2016/texmf-dist/tex/latex/revtex/revsymb4-1.sty
Package: revsymb4-1 2010/07/25/20:33:00 4.1r (http://publish.aps.org/revtex4/ f
or documentation)
LaTeX Info: Redefining \frak on input line 95.
LaTeX Info: Redefining \Bbb on input line 111.
LaTeX Info: Redefining \REV@mathfrak on input line 119.
))
(/usr/local/texlive/2016/texmf-dist/tex/latex/amsfonts/amssymb.sty
Package: amssymb 2013/01/14 v3.01 AMS font symbols
)
(/usr/local/texlive/2016/texmf-dist/tex/latex/base/latexsym.sty
Package: latexsym 1998/08/17 v2.2e Standard LaTeX package (lasy symbols)
\symlasy=\mathgroup6
LaTeX Font Info:    Overwriting symbol font `lasy' in version `bold'
(Font)                  U/lasy/m/n --> U/lasy/b/n on input line 52.
)
(/usr/local/texlive/2016/texmf-dist/tex/latex/jknapltx/mathrsfs.sty
Package: mathrsfs 1996/01/01 Math RSFS package v1.0 (jk)
\symrsfs=\mathgroup7
)
(/usr/local/texlive/2016/texmf-dist/tex/latex/enumitem/enumitem.sty
Package: enumitem 2011/09/28 v3.5.2 Customized lists
\enitkv@toks@=\toks22
\labelindent=\skip49
\enit@outerparindent=\dimen111
\enit@toks=\toks23
\enit@inbox=\box43
\enitdp@description=\count107
)
(/usr/local/texlive/2016/texmf-dist/tex/latex/graphics/graphicx.sty
Package: graphicx 2014/10/28 v1.0g Enhanced LaTeX Graphics (DPC,SPQR)

(/usr/local/texlive/2016/texmf-dist/tex/latex/graphics/keyval.sty
Package: keyval 2014/10/28 v1.15 key=value parser (DPC)
\KV@toks@=\toks24
)
(/usr/local/texlive/2016/texmf-dist/tex/latex/graphics/graphics.sty
Package: graphics 2016/05/09 v1.0r Standard LaTeX Graphics (DPC,SPQR)

(/usr/local/texlive/2016/texmf-dist/tex/latex/graphics/trig.sty
Package: trig 2016/01/03 v1.10 sin cos tan (DPC)
)
(/usr/local/texlive/2016/texmf-dist/tex/latex/graphics-cfg/graphics.cfg
File: graphics.cfg 2016/01/02 v1.10 sample graphics configuration
)
Package graphics Info: Driver file: pdftex.def on input line 96.

(/usr/local/texlive/2016/texmf-dist/tex/latex/pdftex-def/pdftex.def
File: pdftex.def 2011/05/27 v0.06d Graphics/color for pdfTeX

(/usr/local/texlive/2016/texmf-dist/tex/generic/oberdiek/infwarerr.sty
Package: infwarerr 2016/05/16 v1.4 Providing info/warning/error messages (HO)
)
(/usr/local/texlive/2016/texmf-dist/tex/generic/oberdiek/ltxcmds.sty
Package: ltxcmds 2016/05/16 v1.23 LaTeX kernel commands for general use (HO)
)
\Gread@gobject=\count108
))
\Gin@req@height=\dimen112
\Gin@req@width=\dimen113
)
(/usr/local/texlive/2016/texmf-dist/tex/latex/graphics/color.sty
Package: color 2016/05/09 v1.1c Standard LaTeX Color (DPC)

(/usr/local/texlive/2016/texmf-dist/tex/latex/graphics-cfg/color.cfg
File: color.cfg 2016/01/02 v1.6 sample color configuration
)
Package color Info: Driver file: pdftex.def on input line 144.

(/usr/local/texlive/2016/texmf-dist/tex/latex/graphics/dvipsnam.def
File: dvipsnam.def 2015/12/30 v3.0k Driver-dependent file (DPC,SPQR)
))
(/usr/local/texlive/2016/texmf-dist/tex/latex/hyperref/hyperref.sty
Package: hyperref 2016/05/05 v6.83n Hypertext links for LaTeX

(/usr/local/texlive/2016/texmf-dist/tex/generic/oberdiek/hobsub-hyperref.sty
Package: hobsub-hyperref 2016/05/16 v1.14 Bundle oberdiek, subset hyperref (HO)


(/usr/local/texlive/2016/texmf-dist/tex/generic/oberdiek/hobsub-generic.sty
Package: hobsub-generic 2016/05/16 v1.14 Bundle oberdiek, subset generic (HO)
Package: hobsub 2016/05/16 v1.14 Construct package bundles (HO)
Package hobsub Info: Skipping package `infwarerr' (already loaded).
Package hobsub Info: Skipping package `ltxcmds' (already loaded).
Package: ifluatex 2016/05/16 v1.4 Provides the ifluatex switch (HO)
Package ifluatex Info: LuaTeX not detected.
Package: ifvtex 2016/05/16 v1.6 Detect VTeX and its facilities (HO)
Package ifvtex Info: VTeX not detected.
Package: intcalc 2016/05/16 v1.2 Expandable calculations with integers (HO)
Package: ifpdf 2016/05/14 v3.1 Provides the ifpdf switch
Package: etexcmds 2016/05/16 v1.6 Avoid name clashes with e-TeX commands (HO)
Package etexcmds Info: Could not find \expanded.
(etexcmds)             That can mean that you are not using pdfTeX 1.50 or
(etexcmds)             that some package has redefined \expanded.
(etexcmds)             In the latter case, load this package earlier.
Package: kvsetkeys 2016/05/16 v1.17 Key value parser (HO)
Package: kvdefinekeys 2016/05/16 v1.4 Define keys (HO)
Package: pdftexcmds 2016/05/10 v0.21 Utility functions of pdfTeX for LuaTeX (HO
)
Package pdftexcmds Info: LuaTeX not detected.
Package pdftexcmds Info: \pdf@primitive is available.
Package pdftexcmds Info: \pdf@ifprimitive is available.
Package pdftexcmds Info: \pdfdraftmode found.
Package: pdfescape 2016/05/16 v1.14 Implements pdfTeX's escape features (HO)
Package: bigintcalc 2016/05/16 v1.4 Expandable calculations on big integers (HO
)
Package: bitset 2016/05/16 v1.2 Handle bit-vector datatype (HO)
Package: uniquecounter 2016/05/16 v1.3 Provide unlimited unique counter (HO)
)
Package hobsub Info: Skipping package `hobsub' (already loaded).
Package: letltxmacro 2016/05/16 v1.5 Let assignment for LaTeX macros (HO)
Package: hopatch 2016/05/16 v1.3 Wrapper for package hooks (HO)
Package: xcolor-patch 2016/05/16 xcolor patch
Package: atveryend 2016/05/16 v1.9 Hooks at the very end of document (HO)
Package: atbegshi 2016/05/16 v1.17 At begin shipout hook (HO)
Package: refcount 2016/05/16 v3.5 Data extraction from label references (HO)
Package: hycolor 2016/05/16 v1.8 Color options for hyperref/bookmark (HO)
)
(/usr/local/texlive/2016/texmf-dist/tex/generic/ifxetex/ifxetex.sty
Package: ifxetex 2010/09/12 v0.6 Provides ifxetex conditional
)
(/usr/local/texlive/2016/texmf-dist/tex/latex/oberdiek/auxhook.sty
Package: auxhook 2016/05/16 v1.4 Hooks for auxiliary files (HO)
)
(/usr/local/texlive/2016/texmf-dist/tex/latex/oberdiek/kvoptions.sty
Package: kvoptions 2016/05/16 v3.12 Key value format for package options (HO)
)
\@linkdim=\dimen114
\Hy@linkcounter=\count109
\Hy@pagecounter=\count110

(/usr/local/texlive/2016/texmf-dist/tex/latex/hyperref/pd1enc.def
File: pd1enc.def 2016/05/05 v6.83n Hyperref: PDFDocEncoding definition (HO)
)
\Hy@SavedSpaceFactor=\count111

(/usr/local/texlive/2016/texmf-dist/tex/latex/latexconfig/hyperref.cfg
File: hyperref.cfg 2002/06/06 v1.2 hyperref configuration of TeXLive
)
Package hyperref Info: Option `breaklinks' set `true' on input line 4322.
Package hyperref Info: Option `colorlinks' set `true' on input line 4322.
Package hyperref Info: Hyper figures OFF on input line 4446.
Package hyperref Info: Link nesting OFF on input line 4451.
Package hyperref Info: Hyper index ON on input line 4454.
Package hyperref Info: Plain pages OFF on input line 4461.
Package hyperref Info: Backreferencing OFF on input line 4466.
Package hyperref Info: Implicit mode ON; LaTeX internals redefined.
Package hyperref Info: Bookmarks ON on input line 4691.
LaTeX Info: Redefining \href on input line 4955.
\c@Hy@tempcnt=\count112
LaTeX Info: Redefining \url on input line 5044.
\XeTeXLinkMargin=\dimen115
\Fld@menulength=\count113
\Field@Width=\dimen116
\Fld@charsize=\dimen117
Package hyperref Info: Hyper figures OFF on input line 6298.
Package hyperref Info: Link nesting OFF on input line 6303.
Package hyperref Info: Hyper index ON on input line 6306.
Package hyperref Info: backreferencing OFF on input line 6313.
Package hyperref Info: Link coloring ON on input line 6316.
Package hyperref Info: Link coloring with OCG OFF on input line 6323.
Package hyperref Info: PDF/A mode OFF on input line 6328.
LaTeX Info: Redefining \ref on input line 6368.
LaTeX Info: Redefining \pageref on input line 6372.
\Hy@abspage=\count114
\c@Item=\count115
\c@Hfootnote=\count116
)

Package hyperref Message: Driver (autodetected): hpdftex.

(/usr/local/texlive/2016/texmf-dist/tex/latex/hyperref/hpdftex.def
File: hpdftex.def 2016/05/05 v6.83n Hyperref driver for pdfTeX
\Fld@listcount=\count117
\c@bookmark@seq@number=\count118

(/usr/local/texlive/2016/texmf-dist/tex/latex/oberdiek/rerunfilecheck.sty
Package: rerunfilecheck 2016/05/16 v1.8 Rerun checks for auxiliary files (HO)
Package uniquecounter Info: New unique counter `rerunfilecheck' on input line 2
82.
)
\Hy@SectionHShift=\skip50
)
(/usr/local/texlive/2016/texmf-dist/tex/latex/multirow/multirow.sty
\bigstrutjot=\dimen118
)
(/usr/local/texlive/2016/texmf-dist/tex/latex/float/float.sty
Package: float 2001/11/08 v1.3d Float enhancements (AL)
\c@float@type=\count119
\float@exts=\toks25
\float@box=\box44
\@float@everytoks=\toks26
\@floatcapt=\box45
)
(/usr/local/texlive/2016/texmf-dist/tex/latex/cases/cases.sty
Package: cases 2002/05/02 ver 2.5 
)
(/usr/local/texlive/2016/texmf-dist/tex/latex/tools/hhline.sty
Package: hhline 2014/10/28 v2.03 Table rule package (DPC)
)
(/usr/local/texlive/2016/texmf-dist/tex/latex/titlesec/titlesec.sty
Package: titlesec 2016/03/21 v2.10.2 Sectioning titles
\ttl@box=\box46
\beforetitleunit=\skip51
\aftertitleunit=\skip52
\ttl@plus=\dimen119
\ttl@minus=\dimen120
\ttl@toksa=\toks27
\titlewidth=\dimen121
\titlewidthlast=\dimen122
\titlewidthfirst=\dimen123
)
(/usr/local/texlive/2016/texmf-dist/tex/latex/doublestroke/dsfont.sty
Package: dsfont 1995/08/01 v0.1 Double stroke roman fonts
)
Class revtex4-1 Info: Patching LaTeX tabular. on input line 88.


Class revtex4-1 Warning: Repair the float package.

Class revtex4-1 Info: Robustifying \LaTeX's \boldmath command on input line 88.

Class revtex4-1 Info: cite was not loaded (OK!) on input line 88.
Class revtex4-1 Info: mcite was not loaded (OK!) on input line 88.
Class revtex4-1 Info: multicol was not loaded (OK!) on input line 88.

LaTeX Warning: Unused global option(s):
    [natbib].

(./BBN_DM.aux

LaTeX Warning: Label `sec:earlyUniverse_method' multiply defined.


LaTeX Warning: Label `sec:earlyUniverse_method' multiply defined.


LaTeX Warning: Label `sec:Statistics' multiply defined.

)
\openout1 = `BBN_DM.aux'.

LaTeX Font Info:    Checking defaults for OML/cmm/m/it on input line 88.
LaTeX Font Info:    ... okay on input line 88.
LaTeX Font Info:    Checking defaults for T1/cmr/m/n on input line 88.
LaTeX Font Info:    ... okay on input line 88.
LaTeX Font Info:    Checking defaults for OT1/cmr/m/n on input line 88.
LaTeX Font Info:    ... okay on input line 88.
LaTeX Font Info:    Checking defaults for OMS/cmsy/m/n on input line 88.
LaTeX Font Info:    ... okay on input line 88.
LaTeX Font Info:    Checking defaults for OMX/cmex/m/n on input line 88.
LaTeX Font Info:    ... okay on input line 88.
LaTeX Font Info:    Checking defaults for U/cmr/m/n on input line 88.
LaTeX Font Info:    ... okay on input line 88.
LaTeX Font Info:    Checking defaults for PD1/pdf/m/n on input line 88.
LaTeX Font Info:    ... okay on input line 88.
 (/usr/local/texlive/2016/texmf-dist/tex/context/base/mkii/supp-pdf.mkii
[Loading MPS to PDF converter (version 2006.09.02).]
\scratchcounter=\count120
\scratchdimen=\dimen124
\scratchbox=\box47
\nofMPsegments=\count121
\nofMParguments=\count122
\everyMPshowfont=\toks28
\MPscratchCnt=\count123
\MPscratchDim=\dimen125
\MPnumerator=\count124
\makeMPintoPDFobject=\count125
\everyMPtoPDFconversion=\toks29
) (/usr/local/texlive/2016/texmf-dist/tex/latex/oberdiek/epstopdf-base.sty
Package: epstopdf-base 2016/05/15 v2.6 Base part for package epstopdf

(/usr/local/texlive/2016/texmf-dist/tex/latex/oberdiek/grfext.sty
Package: grfext 2016/05/16 v1.2 Manage graphics extensions (HO)
)
Package grfext Info: Graphics extension search list:
(grfext)             [.png,.pdf,.jpg,.mps,.jpeg,.jbig2,.jb2,.PNG,.PDF,.JPG,.JPE
G,.JBIG2,.JB2,.eps]
(grfext)             \AppendGraphicsExtensions on input line 456.

(/usr/local/texlive/2016/texmf-dist/tex/latex/latexconfig/epstopdf-sys.cfg
File: epstopdf-sys.cfg 2010/07/13 v1.3 Configuration of (r)epstopdf for TeX Liv
e
))
\AtBeginShipoutBox=\box48
Package hyperref Info: Link coloring ON on input line 88.

(/usr/local/texlive/2016/texmf-dist/tex/latex/hyperref/nameref.sty
Package: nameref 2012/10/27 v2.43 Cross-referencing by name of section

(/usr/local/texlive/2016/texmf-dist/tex/generic/oberdiek/gettitlestring.sty
Package: gettitlestring 2016/05/16 v1.5 Cleanup title references (HO)
)
\c@section@level=\count126
)
LaTeX Info: Redefining \ref on input line 88.
LaTeX Info: Redefining \pageref on input line 88.
LaTeX Info: Redefining \nameref on input line 88.

(./BBN_DM.out) (./BBN_DM.out)
\@outlinefile=\write4
\openout4 = `BBN_DM.out'.

Class revtex4-1 Info: Taking \maketitle back from hyperref on input line 88.
\openout3 = `BBN_DMNotes.bib'.

LaTeX Font Info:    Try loading font information for U+msa on input line 116.

(/usr/local/texlive/2016/texmf-dist/tex/latex/amsfonts/umsa.fd
File: umsa.fd 2013/01/14 v3.01 AMS symbols A
)
LaTeX Font Info:    Try loading font information for U+msb on input line 116.

(/usr/local/texlive/2016/texmf-dist/tex/latex/amsfonts/umsb.fd
File: umsb.fd 2013/01/14 v3.01 AMS symbols B
)
LaTeX Font Info:    Try loading font information for U+lasy on input line 116.

(/usr/local/texlive/2016/texmf-dist/tex/latex/base/ulasy.fd
File: ulasy.fd 1998/08/17 v2.2e LaTeX symbol font definitions
)
LaTeX Font Info:    Try loading font information for U+rsfs on input line 116.

(/usr/local/texlive/2016/texmf-dist/tex/latex/jknapltx/ursfs.fd
File: ursfs.fd 1998/03/24 rsfs font definition file (jk)
)
LaTeX Font Info:    Try loading font information for U+dsrom on input line 116.


(/usr/local/texlive/2016/texmf-dist/tex/latex/doublestroke/Udsrom.fd
File: Udsrom.fd 1995/08/01 v0.1 Double stroke roman font definitions
)
(./BBN_DM.toc [1{/usr/local/texlive/2016/texmf-var/fonts/map/pdftex/updmap/pdft
ex.map}])
\tf@toc=\write5
\openout5 = `BBN_DM.toc'.

LaTeX Font Info:    Try loading font information for OMS+cmr on input line 154.

 (/usr/local/texlive/2016/texmf-dist/tex/latex/base/omscmr.fd
File: omscmr.fd 2014/09/29 v2.5h Standard LaTeX font definitions
)
LaTeX Font Info:    Font shape `OMS/cmr/m/n' in size <10> not available
(Font)              Font shape `OMS/cmsy/m/n' tried instead on input line 154.

[2] [3] [4] <figures/Nu_abundance_plot.pdf, id=355, 429.48228pt x 898.5194pt>
File: figures/Nu_abundance_plot.pdf Graphic file (type pdf)

<use figures/Nu_abundance_plot.pdf>
Package pdftex.def Info: figures/Nu_abundance_plot.pdf used on input line 233.
(pdftex.def)             Requested size: 229.49844pt x 480.13416pt.

<figures/EE_abundance_plot.pdf, id=356, 429.48228pt x 898.5194pt>
File: figures/EE_abundance_plot.pdf Graphic file (type pdf)

<use figures/EE_abundance_plot.pdf>
Package pdftex.def Info: figures/EE_abundance_plot.pdf used on input line 234.
(pdftex.def)             Requested size: 229.49844pt x 480.13416pt.
 [5pdfTeX warning (ext4): destination with the same identifier (name{figure.1})
 has been already used, duplicate ignored

\AtBegShi@Output ...ipout \box \AtBeginShipoutBox 
                                                  \fi \fi 
l.244 
       <./figures/Nu_abundance_plot.pdf> <./figures/EE_abundance_plot.pdf

pdfTeX warning: pdflatex (file ./figures/EE_abundance_plot.pdf): PDF inclusion:
 multiple pdfs with page group included in a single page
>]
LaTeX Font Info:    Font shape `U/lasy/b/n' in size <7> not available
(Font)              Font shape `U/lasy/m/n' tried instead on input line 246.
LaTeX Font Info:    Font shape `U/lasy/b/n' in size <5> not available
(Font)              Font shape `U/lasy/m/n' tried instead on input line 246.
 [6] [7pdfTeX warning (ext4): destination with the same identifier (name{table.
1}) has been already used, duplicate ignored

\AtBegShi@Output ...ipout \box \AtBeginShipoutBox 
                                                  \fi \fi 
l.336 
      ]
<figures/Nu_Maj_exclusion_and_deltachi.pdf, id=504, 439.35887pt x 779.93745pt>
File: figures/Nu_Maj_exclusion_and_deltachi.pdf Graphic file (type pdf)

<use figures/Nu_Maj_exclusion_and_deltachi.pdf>
Package pdftex.def Info: figures/Nu_Maj_exclusion_and_deltachi.pdf used on inpu
t line 389.
(pdftex.def)             Requested size: 229.49844pt x 407.40254pt.

<figures/EE_Maj_exclusion_and_deltachi.pdf, id=505, 439.35887pt x 779.93745pt>
File: figures/EE_Maj_exclusion_and_deltachi.pdf Graphic file (type pdf)

<use figures/EE_Maj_exclusion_and_deltachi.pdf>
Package pdftex.def Info: figures/EE_Maj_exclusion_and_deltachi.pdf used on inpu
t line 390.
(pdftex.def)             Requested size: 229.49844pt x 407.40254pt.

Overfull \hbox (3.09178pt too wide) in paragraph at lines 396--396
|[]\OT1/cmr/bx/n/12 Current Cos-mo-log-i-cal Con-straints on Purely Elec-trophi
lic or Neu-trinophilic Species| 
 []


Underfull \hbox (badness 10000) in paragraph at lines 446--447

 []


Underfull \hbox (badness 10000) in paragraph at lines 446--447

 []


Overfull \vbox (8.66907pt too high) has occurred while \output is active []


[8] [9pdfTeX warning (ext4): destination with the same identifier (name{figure.
2}) has been already used, duplicate ignored

\AtBegShi@Output ...ipout \box \AtBeginShipoutBox 
                                                  \fi \fi 
l.448 \vspace*{-1.2cm}
                       <./figures/Nu_Maj_exclusion_and_deltachi.pdf> <./figures
/EE_Maj_exclusion_and_deltachi.pdf

pdfTeX warning: pdflatex (file ./figures/EE_Maj_exclusion_and_deltachi.pdf): PD
F inclusion: multiple pdfs with page group included in a single page
>]
Underfull \hbox (badness 10000) in paragraph at lines 451--453

 []


Underfull \hbox (badness 10000) in paragraph at lines 454--456

 []


Underfull \hbox (badness 10000) in paragraph at lines 458--460

 []


Underfull \hbox (badness 10000) in paragraph at lines 461--463

 []

[10pdfTeX warning (ext4): destination with the same identifier (name{table.2}) 
has been already used, duplicate ignored

\AtBegShi@Output ...ipout \box \AtBeginShipoutBox 
                                                  \fi \fi 
l.473 
      ] <figures/Tdec.pdf, id=616, 750.23524pt x 354.70245pt>
File: figures/Tdec.pdf Graphic file (type pdf)

<use figures/Tdec.pdf>
Package pdftex.def Info: figures/Tdec.pdf used on input line 518.
(pdftex.def)             Requested size: 484.49844pt x 229.06546pt.
 [11pdfTeX warning (ext4): destination with the same identifier (name{table.3})
 has been already used, duplicate ignored

\AtBegShi@Output ...ipout \box \AtBeginShipoutBox 
                                                  \fi \fi 
l.525 \subsection{Constraints}
                              ] [12pdfTeX warning (ext4): destination with the 
same identifier (name{figure.3}) has been already used, duplicate ignored

\AtBegShi@Output ...ipout \box \AtBeginShipoutBox 
                                                  \fi \fi 
l.540 
       <./figures/Tdec.pdf>]
LaTeX Font Info:    Font shape `U/lasy/b/n' in size <9> not available
(Font)              Font shape `U/lasy/m/n' tried instead on input line 549.
LaTeX Font Info:    Font shape `U/lasy/b/n' in size <6> not available
(Font)              Font shape `U/lasy/m/n' tried instead on input line 549.

<figures/Nu_Maj_cmb_exclusion.pdf, id=698, 441.22519pt x 433.04146pt>
File: figures/Nu_Maj_cmb_exclusion.pdf Graphic file (type pdf)

<use figures/Nu_Maj_cmb_exclusion.pdf>
Package pdftex.def Info: figures/Nu_Maj_cmb_exclusion.pdf used on input line 61
2.
(pdftex.def)             Requested size: 229.49901pt x 200.001pt.

<figures/EE_Maj_cmb_exclusion.pdf, id=699, 441.22519pt x 433.04146pt>
File: figures/EE_Maj_cmb_exclusion.pdf Graphic file (type pdf)

<use figures/EE_Maj_cmb_exclusion.pdf>
Package pdftex.def Info: figures/EE_Maj_cmb_exclusion.pdf used on input line 61
3.
(pdftex.def)             Requested size: 229.49901pt x 200.001pt.
 [13pdfTeX warning (ext4): destination with the same identifier (name{table.4})
 has been already used, duplicate ignored

\AtBegShi@Output ...ipout \box \AtBeginShipoutBox 
                                                  \fi \fi 
l.624 
      ] <figures/Nu_Maj_Errors_Levels.pdf, id=723, 425.82468pt x 370.58696pt>
File: figures/Nu_Maj_Errors_Levels.pdf Graphic file (type pdf)

<use figures/Nu_Maj_Errors_Levels.pdf>
Package pdftex.def Info: figures/Nu_Maj_Errors_Levels.pdf used on input line 63
1.
(pdftex.def)             Requested size: 229.49844pt x 199.72945pt.

<figures/EE_Maj_Errors_Levels.pdf, id=724, 439.29443pt x 370.58696pt>
File: figures/EE_Maj_Errors_Levels.pdf Graphic file (type pdf)

<use figures/EE_Maj_Errors_Levels.pdf>
Package pdftex.def Info: figures/EE_Maj_Errors_Levels.pdf used on input line 63
2.
(pdftex.def)             Requested size: 237.14813pt x 200.05742pt.
 [14pdfTeX warning (ext4): destination with the same identifier (name{figure.4}
) has been already used, duplicate ignored

\AtBegShi@Output ...ipout \box \AtBeginShipoutBox 
                                                  \fi \fi 
l.647 
       <./figures/Nu_Maj_cmb_exclusion.pdf> <./figures/EE_Maj_cmb_exclusion.pdf


pdfTeX warning: pdflatex (file ./figures/EE_Maj_cmb_exclusion.pdf): PDF inclusi
on: multiple pdfs with page group included in a single page
>] [15pdfTeX warning (ext4): destination with the same identifier (name{figure.
5}) has been already used, duplicate ignored

\AtBegShi@Output ...ipout \box \AtBeginShipoutBox 
                                                  \fi \fi 
l.659 
       <./figures/Nu_Maj_Errors_Levels.pdf> <./figures/EE_Maj_Errors_Levels.pdf


pdfTeX warning: pdflatex (file ./figures/EE_Maj_Errors_Levels.pdf): PDF inclusi
on: multiple pdfs with page group included in a single page
>] [16] [17] (./BBN_DM.bbl [18]
Missing character: There is no â in font cmr6!
Missing character: There is no ˆ in font cmr6!
Missing character: There is no ’ in font cmr6!
Missing character: There is no â in font cmr6!
Missing character: There is no ˆ in font cmr9!
Missing character: There is no ’ in font cmr9!
Missing character: There is no Ã in font cmr9!
Missing character: There is no ¼ in font cmr9!
Missing character: There is no â in font cmti9!
Missing character: There is no € in font cmti9!
Missing character: There is no “ in font cmti9!
 [19]
Missing character: There is no Å in font cmr9!
Missing character: There is no “ in font cmr9!
Missing character: There is no Ã in font cmr9!
Missing character: There is no … in font cmr9!
 [20]
Missing character: There is no Ã in font cmti9!
Missing character: There is no … in font cmti9!
Missing character: There is no Ã in font cmr9!
Missing character: There is no ¸ in font cmr9!
Missing character: There is no Å in font cmr9!
Missing character: There is no ¡ in font cmr9!
Missing character: There is no â in font cmti9!
Missing character: There is no € in font cmti9!
Missing character: There is no “ in font cmti9!
Missing character: There is no Î in font cmti9!
Missing character: There is no ³ in font cmti9!
Missing character: There is no Ã in font cmr9!
Missing character: There is no « in font cmr9!
 [21]) [22]
<figures/Neffcheck.pdf, id=1351, 540.04544pt x 361.03119pt>
File: figures/Neffcheck.pdf Graphic file (type pdf)

<use figures/Neffcheck.pdf>
Package pdftex.def Info: figures/Neffcheck.pdf used on input line 763.
(pdftex.def)             Requested size: 229.49844pt x 153.42244pt.

<figures/NollettNU.pdf, id=1377, 438.65465pt x 433.04146pt>
File: figures/NollettNU.pdf Graphic file (type pdf)

<use figures/NollettNU.pdf>
Package pdftex.def Info: figures/NollettNU.pdf used on input line 785.
(pdftex.def)             Requested size: 234.60342pt x 231.6055pt.

<figures/NollettEE.pdf, id=1378, 429.48228pt x 433.04146pt>
File: figures/NollettEE.pdf Graphic file (type pdf)

<use figures/NollettEE.pdf>
Package pdftex.def Info: figures/NollettEE.pdf used on input line 785.
(pdftex.def)             Requested size: 229.49844pt x 231.40067pt.
 [23pdfTeX warning (ext4): destination with the same identifier (name{figure.6}
) has been already used, duplicate ignored

\AtBegShi@Output ...ipout \box \AtBeginShipoutBox 
                                                  \fi \fi 
l.796 
      pdfTeX warning (ext4): destination with the same identifier (name{table.5
}) has been already used, duplicate ignored

\AtBegShi@Output ...ipout \box \AtBeginShipoutBox 
                                                  \fi \fi 
l.796 
       <./figures/Neffcheck.pdf>]
<figures/omegabposteriors.pdf, id=1419, 616.04745pt x 404.57558pt>
File: figures/omegabposteriors.pdf Graphic file (type pdf)

<use figures/omegabposteriors.pdf>
Package pdftex.def Info: figures/omegabposteriors.pdf used on input line 799.
(pdftex.def)             Requested size: 306.00311pt x 200.96pt.
 [24pdfTeX warning (ext4): destination with the same identifier (name{figure.7}
) has been already used, duplicate ignored

\AtBegShi@Output ...ipout \box \AtBeginShipoutBox 
                                                  \fi \fi 
l.806 \subsection{Constraints for all Scenarios}
                                                pdfTeX warning (ext4): destinat
ion with the same identifier (name{figure.8}) has been already used, duplicate 
ignored

\AtBegShi@Output ...ipout \box \AtBeginShipoutBox 
                                                  \fi \fi 
l.806 \subsection{Constraints for all Scenarios}
                                                 <./figures/NollettNU.pdf> <./f
igures/NollettEE.pdf

pdfTeX warning: pdflatex (file ./figures/NollettEE.pdf): PDF inclusion: multipl
e pdfs with page group included in a single page
> <./figures/omegabposteriors.pdf

pdfTeX warning: pdflatex (file ./figures/omegabposteriors.pdf): PDF inclusion: 
multiple pdfs with page group included in a single page
>]
<figures/Nu_Neutral_Scalar_sqrtchisq.pdf, id=1483, 410.08229pt x 289.61612pt>
File: figures/Nu_Neutral_Scalar_sqrtchisq.pdf Graphic file (type pdf)

<use figures/Nu_Neutral_Scalar_sqrtchisq.pdf>
Package pdftex.def Info: figures/Nu_Neutral_Scalar_sqrtchisq.pdf used on input 
line 816.
(pdftex.def)             Requested size: 224.40125pt x 158.48064pt.

<figures/EE_Neutral_Scalar_sqrtchisq.pdf, id=1484, 410.08229pt x 289.61612pt>
File: figures/EE_Neutral_Scalar_sqrtchisq.pdf Graphic file (type pdf)

<use figures/EE_Neutral_Scalar_sqrtchisq.pdf>
Package pdftex.def Info: figures/EE_Neutral_Scalar_sqrtchisq.pdf used on input 
line 816.
(pdftex.def)             Requested size: 224.40125pt x 158.48064pt.

<figures/Nu_Complex_Scalar_sqrtchisq.pdf, id=1485, 410.08229pt x 277.69267pt>
File: figures/Nu_Complex_Scalar_sqrtchisq.pdf Graphic file (type pdf)

<use figures/Nu_Complex_Scalar_sqrtchisq.pdf>
Package pdftex.def Info: figures/Nu_Complex_Scalar_sqrtchisq.pdf used on input 
line 816.
(pdftex.def)             Requested size: 224.40125pt x 151.95602pt.

<figures/EE_Complex_Scalar_sqrtchisq.pdf, id=1486, 410.08229pt x 277.69267pt>
File: figures/EE_Complex_Scalar_sqrtchisq.pdf Graphic file (type pdf)

<use figures/EE_Complex_Scalar_sqrtchisq.pdf>
Package pdftex.def Info: figures/EE_Complex_Scalar_sqrtchisq.pdf used on input 
line 816.
(pdftex.def)             Requested size: 224.40125pt x 151.95602pt.

<figures/Nu_Dirac_sqrtchisq.pdf, id=1487, 410.08229pt x 277.69267pt>
File: figures/Nu_Dirac_sqrtchisq.pdf Graphic file (type pdf)

<use figures/Nu_Dirac_sqrtchisq.pdf>
Package pdftex.def Info: figures/Nu_Dirac_sqrtchisq.pdf used on input line 816.

(pdftex.def)             Requested size: 224.40125pt x 151.95602pt.

<figures/EE_Dirac_sqrtchisq.pdf, id=1488, 410.08229pt x 277.69267pt>
File: figures/EE_Dirac_sqrtchisq.pdf Graphic file (type pdf)

<use figures/EE_Dirac_sqrtchisq.pdf>
Package pdftex.def Info: figures/EE_Dirac_sqrtchisq.pdf used on input line 816.

(pdftex.def)             Requested size: 224.40125pt x 151.95602pt.

<figures/Nu_Zp_sqrtchisq.pdf, id=1489, 410.08229pt x 305.48602pt>
File: figures/Nu_Zp_sqrtchisq.pdf Graphic file (type pdf)

<use figures/Nu_Zp_sqrtchisq.pdf>
Package pdftex.def Info: figures/Nu_Zp_sqrtchisq.pdf used on input line 817.
(pdftex.def)             Requested size: 224.40125pt x 167.1648pt.

<figures/EE_Zp_sqrtchisq.pdf, id=1490, 410.08229pt x 305.48602pt>
File: figures/EE_Zp_sqrtchisq.pdf Graphic file (type pdf)

<use figures/EE_Zp_sqrtchisq.pdf>
Package pdftex.def Info: figures/EE_Zp_sqrtchisq.pdf used on input line 817.
(pdftex.def)             Requested size: 224.40125pt x 167.1648pt.
 [25pdfTeX warning (ext4): destination with the same identifier (name{table.6})
 has been already used, duplicate ignored

\AtBegShi@Output ...ipout \box \AtBeginShipoutBox 
                                                  \fi \fi 
l.878 
      ] [26pdfTeX warning (ext4): destination with the same identifier (name{fi
gure.9}) has been already used, duplicate ignored

\AtBegShi@Output ...ipout \box \AtBeginShipoutBox 
                                                  \fi \fi 
l.878 
       <./figures/Nu_Neutral_Scalar_sqrtchisq.pdf> <./figures/EE_Neutral_Scalar
_sqrtchisq.pdf

pdfTeX warning: pdflatex (file ./figures/EE_Neutral_Scalar_sqrtchisq.pdf): PDF 
inclusion: multiple pdfs with page group included in a single page
> <./figures/Nu_Complex_Scalar_sqrtchisq.pdf

pdfTeX warning: pdflatex (file ./figures/Nu_Complex_Scalar_sqrtchisq.pdf): PDF 
inclusion: multiple pdfs with page group included in a single page
> <./figures/EE_Complex_Scalar_sqrtchisq.pdf

pdfTeX warning: pdflatex (file ./figures/EE_Complex_Scalar_sqrtchisq.pdf): PDF 
inclusion: multiple pdfs with page group included in a single page
> <./figures/Nu_Dirac_sqrtchisq.pdf

pdfTeX warning: pdflatex (file ./figures/Nu_Dirac_sqrtchisq.pdf): PDF inclusion
: multiple pdfs with page group included in a single page
> <./figures/EE_Dirac_sqrtchisq.pdf

pdfTeX warning: pdflatex (file ./figures/EE_Dirac_sqrtchisq.pdf): PDF inclusion
: multiple pdfs with page group included in a single page
> <./figures/Nu_Zp_sqrtchisq.pdf

pdfTeX warning: pdflatex (file ./figures/Nu_Zp_sqrtchisq.pdf): PDF inclusion: m
ultiple pdfs with page group included in a single page
> <./figures/EE_Zp_sqrtchisq.pdf

pdfTeX warning: pdflatex (file ./figures/EE_Zp_sqrtchisq.pdf): PDF inclusion: m
ultiple pdfs with page group included in a single page
>] <figures/Nu_extra_abundance_plot.pdf, id=1647, 433.18095pt x 664.30545pt>
File: figures/Nu_extra_abundance_plot.pdf Graphic file (type pdf)

<use figures/Nu_extra_abundance_plot.pdf>
Package pdftex.def Info: figures/Nu_extra_abundance_plot.pdf used on input line
 888.
(pdftex.def)             Requested size: 234.60342pt x 359.77379pt.

<figures/EE_extra_abundance_plot.pdf, id=1648, 424.00859pt x 664.30545pt>
File: figures/EE_extra_abundance_plot.pdf Graphic file (type pdf)

<use figures/EE_extra_abundance_plot.pdf>
Package pdftex.def Info: figures/EE_extra_abundance_plot.pdf used on input line
 889.
(pdftex.def)             Requested size: 229.49844pt x 359.56093pt.
 [27pdfTeX warning (ext4): destination with the same identifier (name{figure.10
}) has been already used, duplicate ignored

\AtBegShi@Output ...ipout \box \AtBeginShipoutBox 
                                                  \fi \fi 
l.897 
       <./figures/Nu_extra_abundance_plot.pdf> <./figures/EE_extra_abundance_pl
ot.pdf

pdfTeX warning: pdflatex (file ./figures/EE_extra_abundance_plot.pdf): PDF incl
usion: multiple pdfs with page group included in a single page
>]
Underfull \hbox (badness 10000) in paragraph at lines 902--905

 []


Underfull \hbox (badness 10000) in paragraph at lines 917--921

 []


Class revtex4-1 Warning: Environment acknowledgements is obsolete;
Use acknowledgments instead.

[28pdfTeX warning (ext4): destination with the same identifier (name{table.7}) 
has been already used, duplicate ignored

\AtBegShi@Output ...ipout \box \AtBeginShipoutBox 
                                                  \fi \fi 
l.946 \end{document}
                    ]
Package atveryend Info: Empty hook `AfterLastShipout' on input line 946.
 (./BBN_DM.aux)
Package atveryend Info: Executing hook `AtVeryEndDocument' on input line 946.
Package atveryend Info: Executing hook `AtEndAfterFileList' on input line 946.
Package rerunfilecheck Info: File `BBN_DM.out' has not changed.
(rerunfilecheck)             Checksum: B4DB443084664069CFF567495A888C71;2544.


LaTeX Warning: There were multiply-defined labels.

 ) 
Here is how much of TeX's memory you used:
 10017 strings out of 493014
 151312 string characters out of 6133352
 353121 words of memory out of 5000000
 13087 multiletter control sequences out of 15000+600000
 19302 words of font info for 83 fonts, out of 8000000 for 9000
 1141 hyphenation exceptions out of 8191
 34i,17n,31p,2455b,1184s stack positions out of 5000i,500n,10000p,200000b,80000s
</usr/local/texlive/2016/texmf-dist/fonts/type1/public/amsfonts/cm/cmbx10.pfb
></usr/local/texlive/2016/texmf-dist/fonts/type1/public/amsfonts/cm/cmbx12.pfb>
</usr/local/texlive/2016/texmf-dist/fonts/type1/public/amsfonts/cm/cmbx6.pfb></
usr/local/texlive/2016/texmf-dist/fonts/type1/public/amsfonts/cm/cmbx7.pfb></us
r/local/texlive/2016/texmf-dist/fonts/type1/public/amsfonts/cm/cmbx9.pfb></usr/
local/texlive/2016/texmf-dist/fonts/type1/public/amsfonts/cm/cmcsc10.pfb></usr/
local/texlive/2016/texmf-dist/fonts/type1/public/amsfonts/cm/cmex10.pfb></usr/l
ocal/texlive/2016/texmf-dist/fonts/type1/public/amsfonts/cmextra/cmex8.pfb></us
r/local/texlive/2016/texmf-dist/fonts/type1/public/amsfonts/cm/cmmi10.pfb></usr
/local/texlive/2016/texmf-dist/fonts/type1/public/amsfonts/cm/cmmi12.pfb></usr/
local/texlive/2016/texmf-dist/fonts/type1/public/amsfonts/cm/cmmi5.pfb></usr/lo
cal/texlive/2016/texmf-dist/fonts/type1/public/amsfonts/cm/cmmi6.pfb></usr/loca
l/texlive/2016/texmf-dist/fonts/type1/public/amsfonts/cm/cmmi7.pfb></usr/local/
texlive/2016/texmf-dist/fonts/type1/public/amsfonts/cm/cmmi8.pfb></usr/local/te
xlive/2016/texmf-dist/fonts/type1/public/amsfonts/cm/cmmi9.pfb></usr/local/texl
ive/2016/texmf-dist/fonts/type1/public/amsfonts/cm/cmmib10.pfb></usr/local/texl
ive/2016/texmf-dist/fonts/type1/public/amsfonts/cmextra/cmmib7.pfb></usr/local/
texlive/2016/texmf-dist/fonts/type1/public/amsfonts/cmextra/cmmib9.pfb></usr/lo
cal/texlive/2016/texmf-dist/fonts/type1/public/amsfonts/cm/cmr10.pfb></usr/loca
l/texlive/2016/texmf-dist/fonts/type1/public/amsfonts/cm/cmr12.pfb></usr/local/
texlive/2016/texmf-dist/fonts/type1/public/amsfonts/cm/cmr17.pfb></usr/local/te
xlive/2016/texmf-dist/fonts/type1/public/amsfonts/cm/cmr5.pfb></usr/local/texli
ve/2016/texmf-dist/fonts/type1/public/amsfonts/cm/cmr6.pfb></usr/local/texlive/
2016/texmf-dist/fonts/type1/public/amsfonts/cm/cmr7.pfb></usr/local/texlive/201
6/texmf-dist/fonts/type1/public/amsfonts/cm/cmr8.pfb></usr/local/texlive/2016/t
exmf-dist/fonts/type1/public/amsfonts/cm/cmr9.pfb></usr/local/texlive/2016/texm
f-dist/fonts/type1/public/amsfonts/cm/cmsy10.pfb></usr/local/texlive/2016/texmf
-dist/fonts/type1/public/amsfonts/cm/cmsy5.pfb></usr/local/texlive/2016/texmf-d
ist/fonts/type1/public/amsfonts/cm/cmsy6.pfb></usr/local/texlive/2016/texmf-dis
t/fonts/type1/public/amsfonts/cm/cmsy7.pfb></usr/local/texlive/2016/texmf-dist/
fonts/type1/public/amsfonts/cm/cmsy8.pfb></usr/local/texlive/2016/texmf-dist/fo
nts/type1/public/amsfonts/cm/cmsy9.pfb></usr/local/texlive/2016/texmf-dist/font
s/type1/public/amsfonts/cm/cmti10.pfb></usr/local/texlive/2016/texmf-dist/fonts
/type1/public/amsfonts/cm/cmti9.pfb></usr/local/texlive/2016/texmf-dist/fonts/t
ype1/public/amsfonts/cm/cmtt10.pfb></usr/local/texlive/2016/texmf-dist/fonts/ty
pe1/public/amsfonts/cm/cmtt8.pfb></usr/local/texlive/2016/texmf-dist/fonts/type
1/public/amsfonts/cm/cmtt9.pfb></usr/local/texlive/2016/texmf-dist/fonts/type1/
public/doublestroke/dsrom8.pfb></usr/local/texlive/2016/texmf-dist/fonts/type1/
public/amsfonts/symbols/msam10.pfb></usr/local/texlive/2016/texmf-dist/fonts/ty
pe1/urw/ncntrsbk/uncb8a.pfb></usr/local/texlive/2016/texmf-dist/fonts/type1/urw
/ncntrsbk/uncr8a.pfb>
Output written on BBN_DM.pdf (28 pages, 1271707 bytes).
PDF statistics:
 1892 PDF objects out of 2073 (max. 8388607)
 1756 compressed objects within 18 object streams
 284 named destinations out of 1000 (max. 500000)
 372 words of extra memory for PDF output out of 10000 (max. 10000000)

