\BOOKMARK [0][-]{section*.2}{Refined Bounds on MeV-scale Thermal Dark Sectors from BBN and the CMB}{}% 2
\BOOKMARK [1][-]{section*.1}{Abstract}{section*.2}% 1
\BOOKMARK [1][-]{section.1}{Introduction}{section*.2}% 3
\BOOKMARK [1][-]{section.2}{Cosmology with Light WIMPS}{section*.2}% 4
\BOOKMARK [2][-]{subsection.2.1}{Temperature Evolution and Universe's Expansion}{section.2}% 5
\BOOKMARK [2][-]{subsection.2.2}{Primordial Nucleosynthesis in the Presence of Thermal BSM Particles}{section.2}% 6
\BOOKMARK [2][-]{subsection.2.3}{Cosmological Implications}{section.2}% 7
\BOOKMARK [1][-]{section.3}{Cosmological Data and Analysis}{section*.2}% 8
\BOOKMARK [2][-]{subsection.3.1}{Big Bang Nucleosynthesis}{section.3}% 9
\BOOKMARK [2][-]{subsection.3.2}{Cosmic Microwave Background: Planck 2018}{section.3}% 10
\BOOKMARK [2][-]{subsection.3.3}{BBN+CMB Data Combinations}{section.3}% 11
\BOOKMARK [2][-]{subsection.3.4}{Statistical Assessment}{section.3}% 12
\BOOKMARK [1][-]{section.4}{Current Cosmological Constraints on Purely Electrophilic or Neutrinophilic Species}{section*.2}% 13
\BOOKMARK [1][-]{section.5}{Current Cosmological Constraints on Generic WIMPs}{section*.2}% 14
\BOOKMARK [2][-]{subsection.5.1}{Overview of Cosmological Implications}{section.5}% 15
\BOOKMARK [2][-]{subsection.5.2}{Constraints}{section.5}% 16
\BOOKMARK [1][-]{section.6}{Future Cosmological Constraints}{section*.2}% 17
\BOOKMARK [2][-]{subsection.6.1}{Cosmic Microwave Background}{section.6}% 18
\BOOKMARK [2][-]{subsection.6.2}{Big Bang Nucleosynthesis}{section.6}% 19
\BOOKMARK [1][-]{section.7}{Discussion}{section*.2}% 20
\BOOKMARK [2][-]{subsection.7.1}{Particle Physics Scenarios}{section.7}% 21
\BOOKMARK [2][-]{subsection.7.2}{Modified Cosmological Histories}{section.7}% 22
\BOOKMARK [2][-]{subsection.7.3}{Comparison with Previous Literature}{section.7}% 23
\BOOKMARK [1][-]{section.8}{Conclusions}{section*.2}% 24
\BOOKMARK [1][-]{section*.3}{References}{section*.2}% 25
\BOOKMARK [1][-]{section.9}{Appendices}{section*.2}% 26
\BOOKMARK [2][-]{subsection.9.1}{Consistency Checks of Modified BBN Code}{section.9}% 27
\BOOKMARK [2][-]{subsection.9.2}{Comparison with Previous Literature}{section.9}% 28
\BOOKMARK [2][-]{subsection.9.3}{Conservative Range for the Baryon Density from CMB observations}{section.9}% 29
\BOOKMARK [2][-]{subsection.9.4}{Constraints for all Scenarios}{section.9}% 30
\BOOKMARK [2][-]{subsection.9.5}{Implications for Lithium-7 and Helium-3}{section.9}% 31
\BOOKMARK [2][-]{subsection.9.6}{CMB-S4 Forecast}{section.9}% 32
