\BOOKMARK [1][-]{section.1}{Introduction}{}% 1
\BOOKMARK [1][-]{section.2}{Preliminaries}{}% 2
\BOOKMARK [2][-]{subsection.2.1}{Equilibrium in the Early Universe}{section.2}% 3
\BOOKMARK [2][-]{subsection.2.2}{Statistical Physics Preliminaries}{section.2}% 4
\BOOKMARK [2][-]{subsection.2.3}{Temperature of Decoupled Species}{section.2}% 5
\BOOKMARK [2][-]{subsection.2.4}{Example: Neutrino Decoupling in the Standard Model}{section.2}% 6
\BOOKMARK [1][-]{section.3}{Primordial Nucleosynthesis}{}% 7
\BOOKMARK [2][-]{subsection.3.1}{The Standard BBN Model}{section.3}% 8
\BOOKMARK [2][-]{subsection.3.2}{Neutron Freeze-out}{section.3}% 9
\BOOKMARK [2][-]{subsection.3.3}{Reaction Rates and the Neutron Lifetime}{section.3}% 10
\BOOKMARK [2][-]{subsection.3.4}{Light Element Synthesis}{section.3}% 11
\BOOKMARK [1][-]{section.4}{Precision Calculations of N_eff}{}% 12
\BOOKMARK [2][-]{subsection.4.1}{Non-Instantaneous Decoupling}{section.4}% 13
\BOOKMARK [2][-]{subsection.4.2}{QED Finite Temperature Corrections}{section.4}% 14
\BOOKMARK [1][-]{section.5}{New Physics and Big Bang Nucleosynthesis}{}% 15
\BOOKMARK [2][-]{subsection.5.1}{Annihilation into Neutrinos}{section.5}% 16
\BOOKMARK [2][-]{subsection.5.2}{Resulting Expressions}{section.5}% 17
\BOOKMARK [1][-]{section.6}{Uncertainties in Big Bang Nucleosynthesis}{}% 18
\BOOKMARK [2][-]{subsection.6.1}{Light Element Abundances}{section.6}% 19
\BOOKMARK [2][-]{subsection.6.2}{The Lithium Abundance}{section.6}% 20
